<?xml version="1.0" encoding="UTF-8"?>
<!-- Generated by org.testng.reporters.JUnitXMLReporter -->
<testsuite ignored="0" hostname="AcerAspire5" failures="0" tests="6" name="Test" time="21.892" errors="0" timestamp="2024-01-03T20:12:57 IST">
  <testcase classname="tests.TestOne" name="oneTest" time="0.011"/>
  <testcase classname="tests.TestTwo" name="twoTest" time="0.002"/>
  <testcase classname="tests.TestFour" name="fourTest" time="0.002"/>
  <testcase classname="tests.LoginTest" name="login" time="1.933"/>
  <testcase classname="tests.LoginTest" name="login" time="11.629"/>
  <testcase classname="tests.TestThree" name="threeTest" time="0.003"/>
</testsuite> <!-- Test -->
